video_shared	video7	3
usuario	Sofia	10
hora	19:46	1
video_shared	video3	4
usuario	Diego	12
hora	14:28	1
video_comment	video3	2
usuario	Rocio	10
hora	05:51	1
video_view	video7	2
usuario	Ana	10
hora	02:23	1
video_view	video11	2
usuario	Jorge	7
hora	02:16	1
video_like	video10	3
hora	20:59	1
video_comment	video2	1
usuario	Ximena	9
hora	12:53	1
video_like	video14	4
hora	15:23	1
video_shared	video15	4
usuario	Andres	11
hora	03:06	1
video_view	video5	1
hora	23:57	1
video_like	video3	3
usuario	Carlos	13
hora	00:51	1
video_comment	video4	4
usuario	Moises	11
hora	20:31	1
video_view	video14	4
hora	03:18	1
usuario	Pedro	9
hora	17:41	2
video_shared	video6	4
usuario	Luis	10
hora	18:39	1
usuario	Julia	7
hora	20:36	2
hora	16:44	1
hora	16:37	1
video_shared	video1	1
hora	06:29	1
hora	13:05	1
hora	19:53	1
hora	04:24	1
hora	02:06	1
video_like	video15	3
hora	14:04	1
video_comment	video1	2
hora	20:47	1
video_like	video8	4
hora	15:30	1
video_comment	video6	2
hora	11:51	1
video_view	video2	3
hora	01:11	1
hora	23:26	1
video_view	video13	2
hora	06:20	1
video_comment	video13	4
hora	00:33	1
video_view	video4	2
hora	15:04	1
hora	23:18	2
video_shared	video12	3
hora	08:52	1
video_shared	video14	3
hora	15:54	1
video_like	video1	2
hora	06:48	1
hora	15:31	1
video_comment	video15	1
hora	19:04	1
video_view	video1	4
hora	23:56	1
video_like	video9	2
hora	02:27	1
hora	13:35	1
hora	03:10	1
usuario	Marta	6
hora	15:55	1
video_view	video12	5
hora	19:38	1
hora	11:57	1
video_shared	video5	4
hora	07:11	1
video_view	video10	1
hora	08:21	1
video_like	video2	2
hora	00:34	1
hora	15:15	1
hora	06:54	1
video_view	video9	1
hora	14:26	1
hora	17:26	1
video_like	video7	2
hora	10:01	1
hora	21:43	1
hora	16:29	1
video_like	video4	1
hora	21:10	1
video_shared	video2	1
hora	14:07	1
video_shared	video13	2
hora	06:52	1
hora	06:44	1
hora	06:15	1
hora	19:49	1
hora	05:09	1
hora	20:58	1
hora	05:42	1
hora	18:09	1
hora	01:56	1
video_view	video3	5
hora	07:51	1
hora	11:10	2
hora	23:41	1
video_view	video15	1
hora	10:36	1
hora	14:55	1
video_shared	video4	2
hora	02:55	1
hora	10:41	1
video_comment	video8	2
hora	20:43	1
video_view	video8	2
hora	23:28	1
hora	22:37	1
hora	23:42	1
hora	04:27	1
hora	17:06	1
hora	13:40	1
hora	13:50	1
video_like	video13	1
hora	15:57	1
hora	16:06	1
hora	19:34	1
hora	14:01	1
video_shared	video9	2
hora	13:43	1
hora	14:32	1
video_comment	video10	4
hora	12:40	1
hora	21:56	1
hora	10:23	1
hora	08:04	1
hora	20:35	1
hora	02:44	1
hora	09:15	1
hora	05:14	1
hora	22:38	1
hora	11:43	1
hora	08:13	1
video_comment	video14	1
hora	10:00	1
hora	16:11	1
hora	09:34	1
video_comment	video11	1
hora	03:15	1
video_comment	video12	1
hora	05:12	1
video_shared	video11	1
hora	19:52	2
video_like	video11	2
hora	13:30	1
hora	07:31	1
hora	15:34	1
hora	00:47	1
video_like	video6	1
hora	12:01	1
hora	15:07	1
hora	20:13	1
hora	05:38	1
hora	18:34	1
hora	22:29	1
hora	06:58	1
hora	14:42	1
hora	01:32	1
hora	04:00	1
video_shared	video8	1
hora	04:48	1
hora	11:20	1
