video_view	video8	2
usuario	Diego	10
hora	06:01	1
video_shared	video13	2
usuario	Sofia	8
hora	13:57	1
video_view	video15	1
usuario	Ximena	12
hora	23:22	1
video_like	video14	2
usuario	Moises	14
hora	19:50	1
video_view	video7	3
usuario	Marta	10
hora	12:07	2
video_comment	video1	3
hora	18:29	1
hora	08:07	1
video_comment	video12	3
hora	07:49	1
video_like	video13	4
hora	23:57	1
video_like	video4	3
hora	17:42	1
video_shared	video3	5
hora	16:22	1
video_comment	video2	5
usuario	Jorge	13
hora	11:50	1
video_comment	video6	2
hora	16:47	1
hora	01:25	1
video_shared	video1	1
hora	10:20	1
video_like	video7	3
usuario	Rocio	9
hora	08:45	1
video_like	video1	3
hora	23:43	2
hora	21:49	1
video_comment	video7	4
hora	12:09	1
video_like	video11	3
hora	12:56	1
video_like	video8	2
usuario	Julia	6
hora	10:41	1
hora	13:58	2
video_view	video1	2
hora	12:31	1
video_comment	video9	5
hora	11:55	1
video_shared	video11	2
hora	09:27	1
usuario	Luis	7
hora	05:07	1
video_like	video3	1
hora	01:40	1
video_shared	video4	2
hora	02:14	1
hora	19:52	2
video_comment	video14	2
hora	02:40	1
usuario	Pedro	11
hora	01:44	1
hora	13:23	1
video_comment	video15	2
hora	10:48	1
video_comment	video10	1
hora	03:14	1
hora	04:12	1
video_view	video10	2
hora	08:09	1
video_view	video3	2
hora	15:25	1
video_like	video5	3
hora	10:53	1
hora	17:20	2
video_comment	video11	3
hora	05:42	1
hora	02:42	1
hora	08:02	1
hora	18:10	1
video_shared	video5	3
hora	08:19	1
hora	06:54	1
usuario	Andres	8
usuario	Ana	10
hora	10:00	2
video_view	video4	3
hora	18:41	1
hora	19:18	1
video_view	video6	2
hora	02:00	1
hora	13:27	1
hora	16:41	1
video_shared	video9	2
hora	09:09	2
hora	01:31	1
video_like	video10	4
hora	08:51	1
video_shared	video8	1
hora	11:25	2
hora	13:25	1
usuario	Carlos	7
hora	06:34	1
video_comment	video3	1
hora	18:16	1
video_shared	video10	2
hora	03:21	1
hora	02:55	1
video_shared	video2	2
hora	10:49	1
video_view	video5	2
hora	14:11	1
hora	04:07	1
video_like	video15	2
video_like	video6	2
hora	22:17	1
video_shared	video14	4
hora	01:16	1
hora	23:51	1
hora	04:22	1
hora	09:38	1
video_comment	video4	4
hora	16:46	1
hora	04:44	1
hora	21:54	1
hora	19:40	1
video_comment	video5	2
hora	19:07	1
hora	20:24	1
video_view	video9	1
hora	12:35	1
hora	09:58	2
hora	13:48	1
hora	23:14	1
hora	22:46	1
hora	19:35	1
hora	22:36	1
video_view	video14	3
hora	23:06	1
hora	12:51	1
hora	13:52	1
video_view	video13	1
hora	10:16	1
hora	01:58	1
hora	13:18	2
hora	17:21	1
hora	18:07	1
hora	07:08	1
video_comment	video13	1
hora	05:08	1
hora	20:57	1
video_view	video11	1
hora	14:59	1
video_like	video12	1
hora	16:49	1
hora	01:15	1
video_shared	video6	1
hora	13:44	1
hora	20:03	1
hora	13:11	1
hora	21:24	1
hora	23:55	1
hora	03:48	1
hora	15:04	1
hora	09:59	1
hora	05:06	1
hora	19:38	1
hora	13:37	1
hora	07:14	1
hora	14:20	1
video_view	video12	1
hora	05:22	1
video_shared	video7	1
hora	17:36	1
hora	22:31	1
hora	18:35	1
hora	08:17	1
hora	15:33	1
hora	05:31	1
