video_comment	video3	3
usuario	Ximena	6
hora	11:54	1
video_view	video9	2
usuario	Andres	7
hora	12:21	2
video_comment	video8	1
usuario	Pedro	7
hora	09:10	1
video_shared	video1	2
usuario	Carlos	8
hora	02:34	1
video_comment	video4	4
usuario	Diego	9
hora	09:05	1
video_view	video4	2
usuario	Ana	12
hora	20:56	1
video_comment	video2	3
hora	21:38	1
video_view	video5	2
hora	19:56	1
hora	16:46	1
video_shared	video12	2
usuario	Marta	12
hora	10:36	1
video_shared	video6	1
hora	15:35	1
video_shared	video8	5
usuario	Luis	11
hora	12:08	1
video_shared	video5	4
hora	14:37	1
video_comment	video9	2
hora	12:13	1
video_view	video12	4
usuario	Julia	9
hora	00:19	1
video_like	video1	3
hora	16:44	1
video_comment	video6	4
hora	23:36	1
video_like	video5	2
usuario	Moises	11
hora	05:12	1
video_view	video10	2
hora	20:24	2
video_shared	video14	2
hora	00:07	1
hora	07:44	1
video_like	video8	1
hora	20:45	1
video_comment	video7	3
hora	04:32	1
video_comment	video1	1
hora	11:06	1
hora	03:43	2
hora	04:55	1
video_shared	video9	1
usuario	Rocio	10
hora	07:52	1
video_shared	video10	6
hora	13:11	1
usuario	Sofia	11
hora	04:51	1
usuario	Jorge	12
hora	16:34	1
video_view	video11	1
hora	03:44	1
hora	18:58	1
video_view	video6	3
hora	06:42	1
hora	12:06	1
video_shared	video4	3
hora	05:51	1
video_shared	video11	2
hora	11:51	1
hora	12:55	1
video_like	video7	3
hora	13:43	1
video_shared	video15	2
hora	11:08	1
hora	13:47	2
video_like	video2	1
hora	09:53	1
video_comment	video12	1
hora	19:25	1
video_view	video2	2
hora	07:11	1
hora	21:33	1
video_like	video13	4
hora	03:07	1
hora	16:04	2
video_like	video11	2
hora	05:45	1
hora	04:56	1
video_view	video3	2
hora	13:36	1
hora	00:18	1
video_shared	video7	2
hora	00:22	1
video_like	video15	2
hora	16:30	1
hora	00:05	1
video_like	video4	3
hora	08:34	1
video_like	video6	2
hora	23:32	1
hora	22:30	1
video_shared	video13	2
hora	06:48	2
video_comment	video14	2
hora	16:21	1
video_comment	video11	2
hora	19:47	1
hora	21:05	1
video_view	video15	2
hora	19:57	1
hora	09:08	1
hora	02:06	1
video_shared	video2	2
hora	03:20	1
hora	04:43	1
video_view	video7	2
hora	19:36	1
hora	17:32	1
video_like	video12	2
hora	22:49	1
video_shared	video3	1
hora	08:28	1
hora	19:17	1
hora	23:20	1
video_like	video3	3
hora	21:37	1
video_comment	video15	2
hora	11:01	1
hora	08:40	1
hora	08:19	1
video_view	video8	2
hora	11:03	1
hora	07:26	1
hora	09:48	1
hora	19:09	1
hora	05:59	1
hora	00:44	1
hora	00:57	1
video_like	video10	1
hora	01:07	1
hora	13:26	1
hora	01:48	1
hora	20:27	1
video_comment	video13	1
hora	14:09	1
hora	21:13	1
hora	20:50	1
hora	16:00	1
hora	13:56	1
hora	12:22	1
hora	00:45	1
hora	05:18	1
hora	10:52	1
hora	08:53	1
video_view	video14	2
hora	15:23	1
hora	19:20	1
hora	00:42	1
hora	08:03	1
hora	10:00	1
video_view	video1	1
hora	22:09	1
hora	15:03	1
hora	05:42	1
hora	15:59	1
hora	06:41	1
hora	09:46	1
hora	09:52	1
hora	21:41	1
hora	03:02	1
hora	16:03	1
hora	23:07	1
hora	15:32	1
hora	22:32	1
video_like	video9	1
hora	17:00	1
hora	23:25	1
hora	06:21	1
hora	11:52	1
hora	14:23	1
