video_shared	video14	1
usuario	Diego	9
hora	23:30	1
video_like	video4	1
usuario	Rocio	7
hora	04:39	1
video_view	video5	4
usuario	Pedro	9
hora	19:52	1
video_view	video9	4
usuario	Sofia	10
hora	12:13	1
video_like	video12	5
usuario	Marta	11
hora	22:44	1
video_shared	video3	1
usuario	Moises	9
hora	04:25	1
video_comment	video2	1
hora	06:02	1
video_comment	video11	2
hora	05:06	1
video_view	video2	3
usuario	Ana	4
hora	18:34	1
video_comment	video3	4
usuario	Julia	10
hora	05:48	1
video_like	video7	3
usuario	Ximena	13
hora	14:19	1
video_view	video6	2
hora	08:39	1
video_like	video2	4
hora	01:42	1
hora	22:18	1
video_shared	video6	2
usuario	Andres	8
hora	03:25	1
usuario	Carlos	10
hora	10:44	1
video_comment	video15	2
hora	20:15	1
video_view	video12	2
hora	02:42	1
video_shared	video9	4
hora	11:13	1
video_like	video1	2
hora	02:14	1
video_like	video9	3
hora	15:04	1
video_comment	video12	1
hora	12:54	1
video_shared	video11	6
hora	10:05	2
usuario	Luis	10
hora	17:58	1
hora	12:57	1
video_like	video6	2
hora	17:42	1
video_like	video15	1
hora	16:07	1
video_view	video13	1
hora	10:48	1
video_like	video11	3
hora	23:59	1
hora	12:09	1
hora	17:33	1
video_shared	video15	3
hora	23:58	1
video_like	video10	1
hora	11:12	1
hora	22:20	1
video_comment	video13	5
hora	18:11	1
hora	22:10	1
hora	09:31	1
hora	11:23	1
video_like	video14	1
hora	09:26	1
video_like	video3	1
hora	13:54	1
video_comment	video14	2
usuario	Jorge	15
hora	15:08	1
video_shared	video4	2
hora	18:02	1
video_view	video7	2
hora	08:01	1
hora	23:14	1
hora	06:24	1
video_view	video4	2
hora	15:05	1
hora	12:08	1
hora	23:39	1
hora	15:51	1
video_like	video8	1
hora	05:32	1
video_shared	video1	3
hora	03:16	1
hora	16:39	1
video_view	video8	1
hora	22:36	1
hora	17:03	1
hora	21:18	1
hora	02:52	1
hora	04:15	1
video_comment	video1	3
hora	11:16	1
video_comment	video6	2
hora	19:32	1
video_shared	video2	2
hora	04:00	1
hora	09:08	1
hora	22:39	1
video_view	video3	1
hora	04:07	1
hora	02:50	1
video_shared	video13	2
hora	05:21	1
hora	18:55	1
hora	14:00	1
video_view	video1	3
hora	20:52	1
hora	15:19	1
hora	07:54	1
video_shared	video12	2
hora	12:42	1
video_comment	video7	1
hora	13:24	1
video_view	video15	2
hora	05:04	1
video_like	video5	3
hora	20:06	1
hora	08:55	1
video_view	video14	1
hora	18:39	1
video_shared	video8	1
hora	01:39	1
hora	15:24	1
hora	13:49	1
hora	05:34	1
hora	22:35	1
hora	20:18	1
video_comment	video8	3
hora	20:01	1
hora	12:06	1
hora	17:35	1
hora	21:12	2
hora	00:48	1
hora	08:34	1
hora	02:11	1
hora	20:43	1
video_like	video13	3
hora	19:44	1
hora	02:36	1
hora	20:32	1
hora	12:18	1
hora	01:59	1
video_view	video11	1
hora	00:07	1
hora	20:24	1
hora	21:52	1
video_comment	video10	2
hora	19:08	1
video_shared	video7	2
hora	07:44	1
hora	18:43	1
hora	05:07	1
hora	07:58	1
hora	08:21	1
hora	12:24	1
hora	06:47	1
hora	20:02	1
video_comment	video5	3
hora	03:58	1
hora	11:45	1
hora	10:33	1
hora	16:58	1
hora	12:14	1
hora	23:34	1
hora	17:54	1
hora	21:54	1
hora	13:02	1
hora	14:24	1
hora	19:41	1
hora	19:42	1
hora	17:05	1
hora	10:35	1
hora	14:49	1
hora	14:46	1
